<?xml version="1.0" encoding="UTF-8"?>
<!-- Generated by org.testng.reporters.JUnitXMLReporter -->
<testsuite ignored="2" hostname="LAPTOP-1EUG4EGN" failures="0" tests="1" name="Command line test" time="6.649" errors="0" timestamp="2023-11-15T13:37:37 EST">
  <testcase classname="testCases.HomePageTest" name="login" time="4.325"/>
  <testcase classname="Base.baseTest" name="@BeforeTest setup" time="0.0">
    <ignored/>
  </testcase> <!-- @BeforeTest setup -->
  <testcase classname="Base.baseTest" name="@AfterTest teardown" time="0.0">
    <ignored/>
  </testcase> <!-- @AfterTest teardown -->
</testsuite> <!-- Command line test -->
