<?xml version="1.0" encoding="UTF-8"?>
<testng-results ignored="2" total="3" passed="1" failed="0" skipped="0">
  <reporter-output>
  </reporter-output>
  <suite started-at="2023-11-15T13:37:30 EST" name="Command line suite" finished-at="2023-11-15T13:37:37 EST" duration-ms="6649">
    <groups>
    </groups>
    <test started-at="2023-11-15T13:37:30 EST" name="Command line test" finished-at="2023-11-15T13:37:37 EST" duration-ms="6649">
      <class name="Base.baseTest">
        <test-method is-config="true" signature="setup()[pri:0, instance:Base.baseTest@105fece7]" started-at="2023-11-15T13:37:30 EST" name="setup" finished-at="2023-11-15T13:37:32 EST" duration-ms="2194" status="PASS">
          <reporter-output>
          </reporter-output>
        </test-method> <!-- setup -->
        <test-method is-config="true" signature="teardown()[pri:0, instance:Base.baseTest@105fece7]" started-at="2023-11-15T13:37:37 EST" name="teardown" finished-at="2023-11-15T13:37:37 EST" duration-ms="101" status="PASS">
          <reporter-output>
          </reporter-output>
        </test-method> <!-- teardown -->
      </class> <!-- Base.baseTest -->
      <class name="testCases.HomePageTest">
        <test-method signature="login()[pri:0, instance:testCases.HomePageTest@5ef60048]" started-at="2023-11-15T13:37:32 EST" name="login" finished-at="2023-11-15T13:37:37 EST" duration-ms="4325" status="PASS">
          <reporter-output>
          </reporter-output>
        </test-method> <!-- login -->
      </class> <!-- testCases.HomePageTest -->
    </test> <!-- Command line test -->
  </suite> <!-- Command line suite -->
</testng-results>
